Log file open, 10/14/17 13:26:34
LogInit:Display: Running engine for game: FuckYea
LogPlatformFile: Not using cached read wrapper
LogInit:Display: RandInit(-915342173) SRandInit(-915342173).
LogTaskGraph: Started task graph with 5 named threads and 8 total threads with 1 sets of task threads.
LogStats: Stats thread started at 0.081718
LogInit: Using libcurl 7.47.1
LogInit:  - built for x86_64-pc-win32
LogInit:  - supports SSL with OpenSSL/1.0.2g
LogInit:  - supports HTTP deflate (compression) using libz 1.2.8
LogInit:  - other features:
LogInit:      CURL_VERSION_SSL
LogInit:      CURL_VERSION_LIBZ
LogInit:      CURL_VERSION_IPV6
LogInit:      CURL_VERSION_ASYNCHDNS
LogInit:      CURL_VERSION_LARGEFILE
LogInit:      CURL_VERSION_IDN
LogInit:  CurlRequestOptions (configurable via config and command line):
LogInit:  - bVerifyPeer = false  - Libcurl will NOT verify peer certificate
LogInit:  - bUseHttpProxy = false  - Libcurl will NOT use HTTP proxy
LogInit:  - bDontReuseConnections = false  - Libcurl will reuse connections
LogInit:  - CertBundlePath = nullptr  - Libcurl will use whatever was configured at build time.
LogInit: Build: ++UE4+Release-4.15-CL-3416026
LogInit: Engine Version: 4.15.2-3416026+++UE4+Release-4.15
LogInit: Compatible Engine Version: 4.15.0-3299760+++UE4+Release-4.15
LogInit: Net CL: 3299760
LogDevObjectVersion: Number of dev versions registered: 14
LogDevObjectVersion:   Dev-Blueprints (B0D832E4-1F89-4F0D-ACCF-7EB736FD4AA2): 8
LogDevObjectVersion:   Dev-Build (E1C64328-A22C-4D53-A36C-8E866417BD8C): 0
LogDevObjectVersion:   Dev-Core (375EC13C-06E4-48FB-B500-84F0262A717E): 2
LogDevObjectVersion:   Dev-Editor (E4B068ED-F494-42E9-A231-DA0B2E46BB41): 14
LogDevObjectVersion:   Dev-Framework (CFFC743F-43B0-4480-9391-14DF171D2073): 22
LogDevObjectVersion:   Dev-Mobile (B02B49B5-BB20-44E9-A304-32B752E40360): 0
LogDevObjectVersion:   Dev-Networking (A4E4105C-59A1-49B5-A7C5-40C4547EDFEE): 0
LogDevObjectVersion:   Dev-Online (39C831C9-5AE6-47DC-9A44-9C173E1C8E7C): 0
LogDevObjectVersion:   Dev-Physics (78F01B33-EBEA-4F98-B9B4-84EACCB95AA2): 0
LogDevObjectVersion:   Dev-Platform (6631380F-2D4D-43E0-8009-CF276956A95A): 0
LogDevObjectVersion:   Dev-Rendering (12F88B9F-8875-4AFC-A67C-D90C383ABD29): 12
LogDevObjectVersion:   Dev-Sequencer (7B5AE74C-D270-4C10-A958-57980B212A5A): 3
LogDevObjectVersion:   Dev-VR (D7296918-1DD6-4BDD-9DE2-64A83CC13884): 0
LogDevObjectVersion:   Dev-LoadTimes (C2A15278-BFE7-4AFE-6C17-90FF531DF755): 1
LogInit: Compiled (64-bit): May  1 2017 13:11:28
LogInit: Compiled with Visual C++: 19.00.23026.00
LogInit: Build Configuration: Development
LogInit: Branch Name: ++UE4+Release-4.15
LogInit: Command line: 
LogInit: Base directory: D:/EpicGames/UE_4.15/Engine/Binaries/Win64/
LogInit: Installed Engine Build: 1
LogInit: Presizing for max 8388607 objects, including 0 objects not considered by GC, pre-allocating 0 bytes for permanent pool.
LogInit: Object subsystem initialized
[2017.10.14-20.26.35:460][  0]LogInit: Selected Device Profile: [Windows]
[2017.10.14-20.26.35:460][  0]LogInit: Applying CVar settings loaded from the selected device profile: [Windows]
[2017.10.14-20.26.35:479][  0]LogInit: Computer: DESKTOP-HHR1P68
[2017.10.14-20.26.35:479][  0]LogInit: User: Lui
[2017.10.14-20.26.35:479][  0]LogInit: CPU Page size=65536, Cores=4
[2017.10.14-20.26.35:479][  0]LogInit: High frequency timer resolution =2.338445 MHz
[2017.10.14-20.26.35:479][  0]LogMemory: Memory total: Physical=11.9GB (12GB approx)
[2017.10.14-20.26.35:479][  0]LogMemory: Platform Memory Stats for Windows
[2017.10.14-20.26.35:479][  0]LogMemory: Process Physical Memory: 263.61 MB used, 263.61 MB peak
[2017.10.14-20.26.35:479][  0]LogMemory: Process Virtual Memory: 262.83 MB used, 262.83 MB peak
[2017.10.14-20.26.35:479][  0]LogMemory: Physical Memory: 4381.22 MB used,  7838.33 MB free, 12219.55 MB total
[2017.10.14-20.26.35:479][  0]LogMemory: Virtual Memory: 645.23 MB used,  7838.33 MB free, 134217728.00 MB total
[2017.10.14-20.26.35:557][  0]LogTextLocalizationManager: No specific translations for ('en-US') exist, so ('en') translations will be used.
[2017.10.14-20.26.38:224][  0]LogD3D11RHI: D3D11 adapters:
[2017.10.14-20.26.38:238][  0]LogD3D11RHI:    0. 'AMD FirePro M4000' (Feature Level 11_0)
[2017.10.14-20.26.38:238][  0]LogD3D11RHI:       1002/0/6109 MB DedicatedVideo/DedicatedSystem/SharedSystem, Outputs:1, VendorId:0x1002
[2017.10.14-20.26.38:240][  0]LogD3D11RHI:    1. 'Microsoft Basic Render Driver' (Feature Level 11_0)
[2017.10.14-20.26.38:240][  0]LogD3D11RHI:       0/0/6109 MB DedicatedVideo/DedicatedSystem/SharedSystem, Outputs:0, VendorId:0x1414
[2017.10.14-20.26.38:240][  0]LogD3D11RHI: Chosen D3D11 Adapter: 0
[2017.10.14-20.26.38:243][  0]LogD3D11RHI: Creating new Direct3DDevice
[2017.10.14-20.26.38:243][  0]LogD3D11RHI:     GPU DeviceId: 0x682d (for the marketing name, search the web for "GPU Device Id")
[2017.10.14-20.26.38:243][  0]LogWindows: EnumDisplayDevices:
[2017.10.14-20.26.38:243][  0]LogWindows:    0. 'AMD FirePro M4000' (P:1 D:1)
[2017.10.14-20.26.38:243][  0]LogWindows:    1. 'AMD FirePro M4000' (P:0 D:0)
[2017.10.14-20.26.38:244][  0]LogWindows:    2. 'AMD FirePro M4000' (P:0 D:0)
[2017.10.14-20.26.38:244][  0]LogWindows:    3. 'AMD FirePro M4000' (P:0 D:0)
[2017.10.14-20.26.38:244][  0]LogWindows:    4. 'AMD FirePro M4000' (P:0 D:0)
[2017.10.14-20.26.38:244][  0]LogWindows:    5. 'AMD FirePro M4000' (P:0 D:0)
[2017.10.14-20.26.38:245][  0]LogWindows: DebugString: FoundDriverCount:6 
[2017.10.14-20.26.38:245][  0]LogD3D11RHI:     Adapter Name: AMD FirePro M4000
[2017.10.14-20.26.38:245][  0]LogD3D11RHI:   Driver Version: 15.201.1301.0 (internal:15.201.1301.0, unified:15.201.1301.0)
[2017.10.14-20.26.38:245][  0]LogD3D11RHI:      Driver Date: 8-19-2015
[2017.10.14-20.26.38:245][  0]LogRHI: Texture pool is 701 MB (70% of 1002 MB)
[2017.10.14-20.26.38:289][  0]LogD3D11RHI: Async texture creation enabled
[2017.10.14-20.26.38:305][  0]LogD3D11RHI: GPU Timing Frequency: 27.000000 (Debug: 2 1)
[2017.10.14-20.26.38:306][  0]LogShaderCompilers: Guid format shader working directory is -9 characters bigger than the processId version (C:/Users/Lui/Desktop/Wildlands_Repo/Wildlands/FuckYea/Intermediate/Shaders/WorkingDirectory/4916/).
[2017.10.14-20.26.38:307][  0]LogShaderCompilers: Cleaned the shader compiler working directory 'C:/Users/Lui/AppData/Local/Temp/UnrealShaderWorkingDir/08DC50334C8ABA2010C98E9095D5CF0E/'.
[2017.10.14-20.26.38:307][  0]LogShaderCompilers:Display: Using Local Shader Compiler.
[2017.10.14-20.26.39:439][  0]LogTemp:Display: Loaded TP AllDesktopTargetPlatform
[2017.10.14-20.26.39:494][  0]LogTemp:Display: Loaded TP MacClientTargetPlatform
[2017.10.14-20.26.39:550][  0]LogTemp:Display: Loaded TP MacNoEditorTargetPlatform
[2017.10.14-20.26.39:607][  0]LogTemp:Display: Loaded TP MacServerTargetPlatform
[2017.10.14-20.26.39:668][  0]LogTemp:Display: Loaded TP MacTargetPlatform
[2017.10.14-20.26.39:726][  0]LogTemp:Display: Loaded TP WindowsClientTargetPlatform
[2017.10.14-20.26.39:783][  0]LogTemp:Display: Loaded TP WindowsNoEditorTargetPlatform
[2017.10.14-20.26.39:840][  0]LogTemp:Display: Loaded TP WindowsServerTargetPlatform
[2017.10.14-20.26.39:885][  0]LogTemp:Display: Loaded TP WindowsTargetPlatform
[2017.10.14-20.26.39:946][  0]LogTemp:Display: Loaded TP AndroidTargetPlatform
[2017.10.14-20.26.40:002][  0]LogTemp:Display: Loaded TP Android_ASTCTargetPlatform
[2017.10.14-20.26.40:058][  0]LogTemp:Display: Loaded TP Android_ATCTargetPlatform
[2017.10.14-20.26.40:114][  0]LogTemp:Display: Loaded TP Android_DXTTargetPlatform
[2017.10.14-20.26.40:170][  0]LogTemp:Display: Loaded TP Android_ETC1TargetPlatform
[2017.10.14-20.26.40:226][  0]LogTemp:Display: Loaded TP Android_ETC2TargetPlatform
[2017.10.14-20.26.40:340][  0]LogTemp:Display: Loaded TP Android_MultiTargetPlatform
[2017.10.14-20.26.40:340][  0]LogTemp:Display: Loaded TP Android_PVRTCTargetPlatform
[2017.10.14-20.26.40:375][  0]LogTemp:Display: Loaded TP HTML5TargetPlatform
[2017.10.14-20.26.40:477][  0]LogTemp:Display: Loaded TP IOSTargetPlatform
[2017.10.14-20.26.40:517][  0]LogTemp:Display: Loaded TP TVOSTargetPlatform
[2017.10.14-20.26.40:574][  0]LogTemp:Display: Loaded TP LinuxClientTargetPlatform
[2017.10.14-20.26.40:630][  0]LogTemp:Display: Loaded TP LinuxNoEditorTargetPlatform
[2017.10.14-20.26.40:686][  0]LogTemp:Display: Loaded TP LinuxServerTargetPlatform
[2017.10.14-20.26.40:747][  0]LogTemp:Display: Loaded TP LinuxTargetPlatform
[2017.10.14-20.26.40:747][  0]LogTargetPlatformManager:Display: Building Assets For Windows
[2017.10.14-20.26.41:159][  0]LogDerivedDataCache:Display: Max Cache Size: 512 MB
[2017.10.14-20.26.41:208][  0]LogDerivedDataCache: Loaded boot cache 0.05s 50MB C:/Users/Lui/AppData/Local/UnrealEngine/4.15/DerivedDataCache/Boot.ddc.
[2017.10.14-20.26.41:208][  0]LogDerivedDataCache:Display: Loaded Boot cache: C:/Users/Lui/AppData/Local/UnrealEngine/4.15/DerivedDataCache/Boot.ddc
[2017.10.14-20.26.41:209][  0]LogDerivedDataCache: FDerivedDataBackendGraph:  Pak pak cache file C:/Users/Lui/Desktop/Wildlands_Repo/Wildlands/FuckYea/DerivedDataCache/DDC.ddp not found, will not use a pak cache.
[2017.10.14-20.26.41:209][  0]LogDerivedDataCache: Unable to find inner node Pak for hierarchical cache Hierarchy.
[2017.10.14-20.26.41:209][  0]LogDerivedDataCache: FDerivedDataBackendGraph:  CompressedPak pak cache file C:/Users/Lui/Desktop/Wildlands_Repo/Wildlands/FuckYea/DerivedDataCache/Compressed.ddp not found, will not use a pak cache.
[2017.10.14-20.26.41:209][  0]LogDerivedDataCache: Unable to find inner node CompressedPak for hierarchical cache Hierarchy.
[2017.10.14-20.26.41:230][  0]LogDerivedDataCache:Display: Pak cache opened for reading ../../../Engine/DerivedDataCache/Compressed.ddp.
[2017.10.14-20.26.41:242][  0]LogDerivedDataCache: Using Local data cache path C:/Users/Lui/AppData/Local/UnrealEngine/Common/DerivedDataCache: Writable
[2017.10.14-20.26.41:253][  0]LogSlate: Using Freetype 2.6.0
[2017.10.14-20.26.41:254][  0]LogSlate: SlateFontCache - WITH_FREETYPE: 1, WITH_HARFBUZZ: 1
[2017.10.14-20.26.41:254][  0]LogSlate: SlateFontCache - WITH_FREETYPE: 1, WITH_HARFBUZZ: 1
[2017.10.14-20.26.41:599][  0]LogInit: Selected Device Profile: [Windows]
[2017.10.14-20.26.41:603][  0]LogContentStreaming: Texture pool size is 0.00 MB
[2017.10.14-20.26.41:809][  0]LogMeshUtilities: Using QuadricMeshReduction for automatic static mesh reduction
[2017.10.14-20.26.41:848][  0]LogSimplygon: Simplygon DLL not present - disabling.
[2017.10.14-20.26.41:890][  0]LogMeshUtilities: Using SimplygonSwarm for distributed automatic mesh merging
[2017.10.14-20.26.41:890][  0]LogMeshUtilities: No automatic skeletal mesh reduction module available
[2017.10.14-20.26.41:890][  0]LogMeshUtilities: No automatic mesh merging module available
[2017.10.14-20.26.42:456][  0]LogNetVersion: GetLocalNetworkVersion: CL: 3299760, ProjectName: fuckyea, ProjectVersion: , EngineNetworkVersion: 2, GameNetworkVersion: 0, NetworkChecksum: 3272958151
[2017.10.14-20.26.42:502][  0]LogAssetRegistry: FAssetRegistry took 0.0225 seconds to start up
[2017.10.14-20.26.42:558][  0]LogPackageLocalizationCache: Processed 3 localized package path(s) for 2 prioritized culture(s) in 0.035328 seconds
[2017.10.14-20.26.42:564][  0]LogUObjectArray: 32494 objects as part of root set at end of initial load.
[2017.10.14-20.26.42:564][  0]LogUObjectAllocator: 7077256 out of 0 bytes used by permanent object pool.
[2017.10.14-20.26.42:564][  0]LogUObjectArray: CloseDisregardForGC: 0/0 objects in disregard for GC pool
[2017.10.14-20.26.42:623][  0]LogInit: WinSock: version 1.1 (2.2), MaxSocks=32767, MaxUdp=65467
[2017.10.14-20.26.45:422][  0]LogTcpMessaging: Initializing TcpMessaging bridge
[2017.10.14-20.26.45:460][  0]LogUdpMessaging: Initializing bridge on interface 0.0.0.0:0 to multicast group 230.0.0.1:6666.
[2017.10.14-20.26.45:912][  0]LogMaterial: Uniform references updated for custom material expression Custom.
[2017.10.14-20.26.46:272][  0]SourceControl: Info Source control is disabled
[2017.10.14-20.26.46:273][  0]SourceControl: Info Source control is disabled
[2017.10.14-20.26.46:316][  0]SourceControl: Info Source control is disabled
[2017.10.14-20.26.46:358][  0]SourceControl: Info Source control is disabled
[2017.10.14-20.26.47:585][  0]LogEngine: Initializing Engine...
[2017.10.14-20.26.47:585][  0]LogHMD: Failed to initialize OpenVR with code 110
[2017.10.14-20.26.47:709][  0]LogStats: UGameplayTagsManager::ConstructGameplayTagTree: Construct from data asset -  0.000 s
[2017.10.14-20.26.47:709][  0]LogStats: UGameplayTagsManager::ConstructGameplayTagTree: GameplayTagTreeChangedEvent.Broadcast -  0.000 s
[2017.10.14-20.26.47:819][  0]LogAIModule: Creating AISystem for world Untitled
[2017.10.14-20.26.47:830][  0]LogInit: XAudio2 using 'Speakers / HP (IDT High Definition Audio CODEC)' : 2 channels at 48 kHz using 16 bits per sample (channel mask 0x3)
[2017.10.14-20.26.47:862][  0]LogInit: FAudioDevice initialized.
[2017.10.14-20.26.47:897][  0]LogDerivedDataCache: Saved boot cache 0.03s 50MB C:/Users/Lui/AppData/Local/UnrealEngine/4.15/DerivedDataCache/Boot.ddc.
[2017.10.14-20.26.47:904][  0]LogInit: Texture streaming: Enabled
[2017.10.14-20.26.47:994][  0]LogEngineSessionManager: EngineSessionManager initialized
[2017.10.14-20.26.47:994][  0]LogEngineSessionManager: EngineSessionManager sent abnormal shutdown report. Type=Crashed, SessionId={D2BF2144-45F1-0BC3-1A29-EA812607BCCD}
[2017.10.14-20.26.48:074][  0]LogInit: Transaction tracking system initialized
[2017.10.14-20.26.48:388][  0]BlueprintLog: New page: Editor Load
[2017.10.14-20.26.49:236][  0]LocalizationService: Info Localization service is disabled
[2017.10.14-20.26.49:852][  0]LogConsoleResponse:Display: 
[2017.10.14-20.26.49:994][  0]LogCook:Display: Max memory allowance for cook 16384mb min free memory 0mb
[2017.10.14-20.26.49:994][  0]LogCook:Display: Mobile HDR setting 1
[2017.10.14-20.26.50:193][  0]LogFileCache: Scanning file cache for directory 'C:/Users/Lui/Desktop/Wildlands_Repo/Wildlands/FuckYea/Content/' took 0.02s
[2017.10.14-20.26.50:957][  0]SourceControl: Info Source control is disabled
[2017.10.14-20.26.50:957][  0]Cmd: MAP LOAD FILE="C:/Users/Lui/Desktop/Wildlands_Repo/Wildlands/FuckYea/Content/Main/Maps/Wildlands.umap" TEMPLATE=0 SHOWPROGRESS=1 FEATURELEVEL=3
[2017.10.14-20.26.50:957][  0]LightingResults: New page: Lighting Build
[2017.10.14-20.26.50:994][  0]MapCheck: New page: Map Check
[2017.10.14-20.26.50:994][  0]LightingResults: New page: Lighting Build
[2017.10.14-20.26.52:242][  0]LogAIModule: Creating AISystem for world Wildlands
[2017.10.14-20.26.52:297][  0]LogEditorServer: Finished looking for orphan Actors (0.000 secs)
[2017.10.14-20.26.52:298][  0]Cmd: MAP CHECKDEP NOCLEARLOG
[2017.10.14-20.26.52:357][  0]MapCheck: Info Map check complete: 0 Error(s), 0 Warning(s), took 59.203ms to complete.
[2017.10.14-20.26.52:357][  0]LogFileHelpers: Loading map 'Wildlands' took 1.401
[2017.10.14-20.26.52:418][  0]LogWindowsTextInputMethodSystem:Display: IME system now deactivated.
[2017.10.14-20.26.52:568][  0]LogCollectionManager: Loaded 0 collections in 0.001508 seconds
[2017.10.14-20.26.52:644][  0]LogFileCache: Scanning file cache for directory 'C:/Users/Lui/Desktop/Wildlands_Repo/Wildlands/FuckYea/Saved/Collections/' took 0.01s
[2017.10.14-20.26.52:644][  0]LogFileCache: Scanning file cache for directory 'C:/Users/Lui/Desktop/Wildlands_Repo/Wildlands/FuckYea/Content/Developers/Lui/Collections/' took 0.01s
[2017.10.14-20.26.52:644][  0]LogFileCache: Scanning file cache for directory 'C:/Users/Lui/Desktop/Wildlands_Repo/Wildlands/FuckYea/Content/Collections/' took 0.01s
[2017.10.14-20.26.52:644][  0]LogCollectionManager: Rebuilt the GUID cache for 0 collections in 0.000002 seconds
[2017.10.14-20.26.52:655][  0]LogContentBrowser: Native class hierarchy populated in 0.0106 seconds. Added 2245 classes and 453 folders.
[2017.10.14-20.26.52:715][  0]LogContentBrowser: Native class hierarchy updated for 'WidgetCarousel' in 0.0007 seconds. Added 0 classes and 0 folders.
[2017.10.14-20.26.53:027][  0]LogContentBrowser: Native class hierarchy updated for 'AddContentDialog' in 0.0007 seconds. Added 0 classes and 0 folders.
[2017.10.14-20.26.53:072][  0]LogContentBrowser: Native class hierarchy updated for 'SceneOutliner' in 0.0007 seconds. Added 1 classes and 2 folders.
[2017.10.14-20.26.53:125][  0]LogCrashTracker: Crashtracker disabled due to settings.
[2017.10.14-20.26.53:132][  0]LogUObjectGlobals:Warning: Failed to find object 'Class None.'
[2017.10.14-20.26.53:194][  0]LogContentBrowser: Native class hierarchy updated for 'HierarchicalLODOutliner' in 0.0006 seconds. Added 1 classes and 2 folders.
[2017.10.14-20.26.53:195][  0]LogLoad: (Engine Initialization) Total time: 19.77 seconds
[2017.10.14-20.26.53:195][  0]LogLoad: (Engine Initialization) Total Blueprint compile time: 0.43 seconds
[2017.10.14-20.26.53:195][  0]LogExternalProfiler: Found external profiler: VSPerf
[2017.10.14-20.26.53:195][  0]LogExternalProfiler: Using external profiler: VSPerf
[2017.10.14-20.26.53:212][  0]LogOcInput: OculusInput pre-init called
[2017.10.14-20.26.53:235][  0]LogContentStreaming: Texture pool size now 1000 MB
[2017.10.14-20.26.53:236][  0]LogSlate: Took 0.000171 seconds to synchronously load lazily loaded font '../../../Engine/Content/Slate/Fonts/Roboto-Regular.ttf' (155K)
[2017.10.14-20.26.53:239][  0]LogSlate: Took 0.000252 seconds to synchronously load lazily loaded font '../../../Engine/Content/Slate/Fonts/Roboto-Bold.ttf' (160K)
[2017.10.14-20.26.53:251][  0]LogSlate: Took 0.004956 seconds to synchronously load lazily loaded font '../../../Engine/Content/Editor/Slate/Fonts/FontAwesome.ttf' (139K)
[2017.10.14-20.26.53:426][  0]LogSlate: Took 0.000186 seconds to synchronously load lazily loaded font '../../../Engine/Content/Slate/Fonts/Roboto-Light.ttf' (159K)
[2017.10.14-20.26.53:478][  0]LogRenderer: Reallocating scene render targets to support 256x256 NumSamples 1 (Frame:2).
[2017.10.14-20.26.53:494][  0]LogRenderer: Reallocating scene render targets to support 1208x576 NumSamples 1 (Frame:2).
[2017.10.14-20.26.53:924][  2]LogAssetRegistry: Asset discovery search completed in 11.4444 seconds
[2017.10.14-20.26.53:925][  2]LogCollectionManager: Rebuilt the object cache for 0 collections in 0.000010 seconds (found 0 objects)
[2017.10.14-20.26.53:925][  2]LogCollectionManager: Fixed up redirectors for 0 collections in 0.000056 seconds (updated 0 objects)
[2017.10.14-20.26.54:324][  7]LogSlate: Took 0.000219 seconds to synchronously load lazily loaded font '../../../Engine/Content/Slate/Fonts/Roboto-Light.ttf' (159K)
[2017.10.14-20.28.03:950][243]LogEditorViewport: Clicking on Actor (LMB): InstancedFoliageActor (InstancedFoliageActor)
[2017.10.14-20.28.04:959][275]LogEditorViewport: Clicking on Actor (LMB): Landscape (Landscape)
[2017.10.14-20.28.24:019][709]LogSlate: Took 0.000174 seconds to synchronously load lazily loaded font '../../../Engine/Content/Slate/Fonts/Roboto-Light.ttf' (159K)
[2017.10.14-20.28.24:566][709]LogContentBrowser: Native class hierarchy updated for 'BlueprintGraph' in 0.0010 seconds. Added 112 classes and 0 folders.
[2017.10.14-20.28.25:391][709]LogSlate: Took 0.000212 seconds to synchronously load lazily loaded font '../../../Engine/Content/Slate/Fonts/Roboto-Regular.ttf' (155K)
[2017.10.14-20.28.25:491][709]LogSlate: Took 0.000256 seconds to synchronously load lazily loaded font '../../../Engine/Content/Editor/Slate/Fonts/Roboto-BoldCondensed.ttf' (158K)
[2017.10.14-20.28.25:583][710]LogSlate: Took 0.000207 seconds to synchronously load lazily loaded font '../../../Engine/Content/Editor/Slate/Fonts/Roboto-Italic.ttf' (157K)
[2017.10.14-20.29.08:910][ 21]BlueprintLog: New page: Compile BP_ParentTurret
[2017.10.14-20.29.09:360][ 21]LogBlueprint:Error: [Compiler BP_SelectedCamera] Error This blueprint (self) is not a StaticMeshComponent, therefore ' Target ' must have a connection.
[2017.10.14-20.29.09:360][ 21]LogBlueprint:Error: [Compiler BP_SelectedCamera] Error This blueprint (self) is not a SceneComponent, therefore ' Target ' must have a connection.
[2017.10.14-20.29.09:375][ 21]LogBlueprint:Error: [Compiler BP_SelectedCamera] Error Variable node  Get StaticMesh  uses an invalid target.  It may depend on a node that is not connected to the execution chain, and got purged.
[2017.10.14-20.29.11:175][ 84]Cmd: OBJ SAVEPACKAGE PACKAGE="/Game/Main/Blueprints/Turret/BP_ParentTurret" FILE="C:/Users/Lui/Desktop/Wildlands_Repo/Wildlands/FuckYea/Content/Main/Blueprints/Turret/BP_ParentTurret.uasset" SILENT=true
[2017.10.14-20.29.11:248][ 84]LogSavePackage: Save=41.16ms
[2017.10.14-20.29.11:248][ 84]LogSavePackage: Moving 'C:/Users/Lui/Desktop/Wildlands_Repo/Wildlands/FuckYea/Saved/BP_ParentTurretDD212007450E5D71F409879A506500BB.tmp' to 'C:/Users/Lui/Desktop/Wildlands_Repo/Wildlands/FuckYea/Content/Main/Blueprints/Turret/BP_ParentTurret.uasset'
[2017.10.14-20.29.11:251][ 84]LogSavePackage:Display: Finished SavePackage C:/Users/Lui/Desktop/Wildlands_Repo/Wildlands/FuckYea/Content/Main/Blueprints/Turret/BP_ParentTurret.uasset
[2017.10.14-20.29.14:116][227]LogRenderer: Reallocating scene render targets to support 1208x712 NumSamples 1 (Frame:6077).
[2017.10.14-20.29.20:081][520]BlueprintLog: New page: Compile BP_ParentTurret
[2017.10.14-20.29.21:476][581]Cmd: OBJ SAVEPACKAGE PACKAGE="/Game/Main/Blueprints/Turret/BP_ParentTurret" FILE="C:/Users/Lui/Desktop/Wildlands_Repo/Wildlands/FuckYea/Content/Main/Blueprints/Turret/BP_ParentTurret.uasset" SILENT=true
[2017.10.14-20.29.21:534][581]LogSavePackage: Save=40.60ms
[2017.10.14-20.29.21:534][581]LogSavePackage: Moving 'C:/Users/Lui/Desktop/Wildlands_Repo/Wildlands/FuckYea/Saved/BP_ParentTurret91E48E094148C33CF2C080ADFB644945.tmp' to 'C:/Users/Lui/Desktop/Wildlands_Repo/Wildlands/FuckYea/Content/Main/Blueprints/Turret/BP_ParentTurret.uasset'
[2017.10.14-20.29.21:538][581]LogSavePackage:Display: Finished SavePackage C:/Users/Lui/Desktop/Wildlands_Repo/Wildlands/FuckYea/Content/Main/Blueprints/Turret/BP_ParentTurret.uasset
[2017.10.14-20.29.34:348][217]LogEditorTransaction: Undo Edit Static Mesh
[2017.10.14-20.29.34:352][217]LogActorComponent: ~FComponentReregisterContext: (/Engine/Transient.World_4:PersistentLevel.BP_ParentTurret_C_1.CollisionCylinder) Component already registered.
[2017.10.14-20.29.34:353][217]LogActorComponent: ~FComponentReregisterContext: (/Engine/Transient.World_4:PersistentLevel.BP_ParentTurret_C_1.CharacterMesh0) Component already registered.
[2017.10.14-20.29.34:597][229]LogEditorTransaction: Undo Rename Component Variable
[2017.10.14-20.29.35:105][259]LogEditorTransaction: Undo Attach Component
[2017.10.14-20.29.35:114][259]LogActorComponent: ~FComponentReregisterContext: (/Engine/Transient.World_4:PersistentLevel.BP_ParentTurret_C_1.CollisionCylinder) Component already registered.
[2017.10.14-20.29.35:502][280]LogEditorTransaction: Undo Rename Component Variable
[2017.10.14-20.29.35:845][300]LogEditorTransaction: Undo Detach Component
[2017.10.14-20.29.35:863][300]LogActorComponent: ~FComponentReregisterContext: (/Engine/Transient.World_4:PersistentLevel.BP_ParentTurret_C_1.CollisionCylinder) Component already registered.
[2017.10.14-20.29.36:100][312]LogEditorTransaction: Undo Rename Component Variable
[2017.10.14-20.29.36:310][324]LogEditorTransaction: Undo Attach Component
[2017.10.14-20.29.36:329][324]LogActorComponent: ~FComponentReregisterContext: (/Engine/Transient.World_4:PersistentLevel.BP_ParentTurret_C_1.CollisionCylinder) Component already registered.
[2017.10.14-20.29.36:513][333]LogEditorTransaction: Undo Add Component
[2017.10.14-20.29.36:743][343]LogEditorTransaction: Undo Remove Components
[2017.10.14-20.29.36:963][352]LogEditorTransaction: Undo Clicking on Actors
[2017.10.14-20.29.37:159][363]LogEditorTransaction: Undo Clicking on Actors
[2017.10.14-20.29.40:891][489]Cmd: QUIT_EDITOR
[2017.10.14-20.29.40:923][489]LogWindowsTextInputMethodSystem:Display: IME system now deactivated.
[2017.10.14-20.29.40:948][489]LogExit: Preparing to exit.
[2017.10.14-20.29.42:003][489]LogExit: Editor shut down
[2017.10.14-20.29.42:003][489]LogExit: Transaction tracking system shut down
[2017.10.14-20.29.42:102][489]LogObj: Freed 0b from 0 cluster array pools.
[2017.10.14-20.29.42:102][489]LogExit: Object subsystem successfully closed.
[2017.10.14-20.29.42:120][489]LogD3D11RHI: Shutdown
[2017.10.14-20.29.42:120][489]LogD3D11RHI: CleanupD3DDevice
[2017.10.14-20.29.42:242][489]LogD3D11RHI: ~FD3D11DynamicRHI
[2017.10.14-20.29.42:251][489]LogModuleManager: Shutting down and abandoning module HierarchicalLODUtilities (504)
[2017.10.14-20.29.42:251][489]LogModuleManager: Shutting down and abandoning module BlueprintGraph (502)
[2017.10.14-20.29.42:251][489]LogModuleManager: Shutting down and abandoning module BlueprintProfiler (500)
[2017.10.14-20.29.42:251][489]LogModuleManager: Shutting down and abandoning module HierarchicalLODOutliner (498)
[2017.10.14-20.29.42:251][489]LogModuleManager: Shutting down and abandoning module CrashTracker (496)
[2017.10.14-20.29.42:251][489]LogModuleManager: Shutting down and abandoning module SceneOutliner (494)
[2017.10.14-20.29.42:251][489]LogModuleManager: Shutting down and abandoning module AddContentDialog (492)
[2017.10.14-20.29.42:251][489]LogDirectoryWatcher: A directory notification for 'D:/EpicGames/UE_4.15/FeaturePacks/' was aborted.
[2017.10.14-20.29.42:252][489]LogModuleManager: Shutting down and abandoning module WidgetCarousel (491)
[2017.10.14-20.29.42:252][489]LogModuleManager: Shutting down and abandoning module EditorWidgets (488)
[2017.10.14-20.29.42:252][489]LogModuleManager: Shutting down and abandoning module CollectionManager (486)
[2017.10.14-20.29.42:252][489]LogDirectoryWatcher: A directory notification for 'C:/Users/Lui/Desktop/Wildlands_Repo/Wildlands/FuckYea/Content/Collections/' was aborted.
[2017.10.14-20.29.42:252][489]LogDirectoryWatcher: A directory notification for 'C:/Users/Lui/Desktop/Wildlands_Repo/Wildlands/FuckYea/Content/Developers/Lui/Collections/' was aborted.
[2017.10.14-20.29.42:252][489]LogDirectoryWatcher: A directory notification for 'C:/Users/Lui/Desktop/Wildlands_Repo/Wildlands/FuckYea/Saved/Collections/' was aborted.
[2017.10.14-20.29.42:252][489]LogModuleManager: Shutting down and abandoning module StatsViewer (484)
[2017.10.14-20.29.42:252][489]LogModuleManager: Shutting down and abandoning module FoliageEdit (482)
[2017.10.14-20.29.42:252][489]LogModuleManager: Shutting down and abandoning module LandscapeEditor (480)
[2017.10.14-20.29.42:252][489]LogModuleManager: Shutting down and abandoning module SceneDepthPickerMode (478)
[2017.10.14-20.29.42:252][489]LogModuleManager: Shutting down and abandoning module ActorPickerMode (476)
[2017.10.14-20.29.42:252][489]LogModuleManager: Shutting down and abandoning module GeometryMode (474)
[2017.10.14-20.29.42:252][489]LogModuleManager: Shutting down and abandoning module TextureAlignMode (472)
[2017.10.14-20.29.42:252][489]LogModuleManager: Shutting down and abandoning module BspMode (470)
[2017.10.14-20.29.42:252][489]LogModuleManager: Shutting down and abandoning module HardwareSurvey (468)
[2017.10.14-20.29.42:252][489]LogModuleManager: Shutting down and abandoning module SequenceRecorderSections (466)
[2017.10.14-20.29.42:252][489]LogModuleManager: Shutting down and abandoning module AutomationWorker (464)
[2017.10.14-20.29.42:252][489]LogModuleManager: Shutting down and abandoning module MatineeToLevelSequence (462)
[2017.10.14-20.29.42:252][489]LogModuleManager: Shutting down and abandoning module LevelSequenceEditor (460)
[2017.10.14-20.29.42:252][489]LogModuleManager: Shutting down and abandoning module PlacementMode (459)
[2017.10.14-20.29.42:252][489]LogModuleManager: Shutting down and abandoning module WmfMediaFactory (456)
[2017.10.14-20.29.42:252][489]LogModuleManager: Shutting down and abandoning module WmfMediaEditor (454)
[2017.10.14-20.29.42:252][489]LogModuleManager: Shutting down and abandoning module MfMediaFactory (452)
[2017.10.14-20.29.42:252][489]LogModuleManager: Shutting down and abandoning module MfMediaEditor (450)
[2017.10.14-20.29.42:252][489]LogModuleManager: Shutting down and abandoning module AvfMediaFactory (448)
[2017.10.14-20.29.42:252][489]LogModuleManager: Shutting down and abandoning module AvfMediaEditor (446)
[2017.10.14-20.29.42:252][489]LogModuleManager: Shutting down and abandoning module AndroidMediaFactory (444)
[2017.10.14-20.29.42:252][489]LogModuleManager: Shutting down and abandoning module Media (443)
[2017.10.14-20.29.42:253][489]LogModuleManager: Shutting down and abandoning module AndroidMediaEditor (440)
[2017.10.14-20.29.42:253][489]LogModuleManager: Shutting down and abandoning module CharacterAI (438)
[2017.10.14-20.29.42:253][489]LogModuleManager: Shutting down and abandoning module AudioCapture (436)
[2017.10.14-20.29.42:253][489]LogModuleManager: Shutting down and abandoning module SequenceRecorder (435)
[2017.10.14-20.29.42:253][489]LogModuleManager: Shutting down and abandoning module SmartSnapping (432)
[2017.10.14-20.29.42:253][489]LogModuleManager: Shutting down and abandoning module SessionServices (430)
[2017.10.14-20.29.42:253][489]LogModuleManager: Shutting down and abandoning module ViewportSnapping (428)
[2017.10.14-20.29.42:253][489]LogModuleManager: Shutting down and abandoning module ViewportInteraction (426)
[2017.10.14-20.29.42:253][489]LogModuleManager: Shutting down and abandoning module LogVisualizer (424)
[2017.10.14-20.29.42:253][489]LogModuleManager: Shutting down and abandoning module IntroTutorials (422)
[2017.10.14-20.29.42:253][489]LogModuleManager: Shutting down and abandoning module GameProjectGeneration (421)
[2017.10.14-20.29.42:253][489]LogModuleManager: Shutting down and abandoning module EditorLiveStreaming (418)
[2017.10.14-20.29.42:253][489]LogModuleManager: Shutting down and abandoning module IOSPlatformEditor (416)
[2017.10.14-20.29.42:253][489]LogModuleManager: Shutting down and abandoning module HTML5PlatformEditor (414)
[2017.10.14-20.29.42:253][489]LogModuleManager: Shutting down and abandoning module AndroidPlatformEditor (412)
[2017.10.14-20.29.42:253][489]LogModuleManager: Shutting down and abandoning module AndroidDeviceDetection (411)
[2017.10.14-20.29.42:873][489]LogModuleManager: Shutting down and abandoning module IOSRuntimeSettings (408)
[2017.10.14-20.29.42:873][489]LogModuleManager: Shutting down and abandoning module AndroidRuntimeSettings (406)
[2017.10.14-20.29.42:873][489]LogModuleManager: Shutting down and abandoning module InputBindingEditor (404)
[2017.10.14-20.29.42:873][489]LogModuleManager: Shutting down and abandoning module NiagaraEditor (402)
[2017.10.14-20.29.42:873][489]LogModuleManager: Shutting down and abandoning module MergeActors (400)
[2017.10.14-20.29.42:873][489]LogModuleManager: Shutting down and abandoning module SizeMap (398)
[2017.10.14-20.29.42:873][489]LogModuleManager: Shutting down and abandoning module TreeMap (396)
[2017.10.14-20.29.42:873][489]LogModuleManager: Shutting down and abandoning module ReferenceViewer (394)
[2017.10.14-20.29.42:873][489]LogModuleManager: Shutting down and abandoning module LocalizationDashboard (392)
[2017.10.14-20.29.42:873][489]LogModuleManager: Shutting down and abandoning module LocalizationService (391)
[2017.10.14-20.29.42:873][489]LogModuleManager: Shutting down and abandoning module HardwareTargeting (388)
[2017.10.14-20.29.42:873][489]LogModuleManager: Shutting down and abandoning module DeviceProfileEditor (386)
[2017.10.14-20.29.42:873][489]LogModuleManager: Shutting down and abandoning module UndoHistory (384)
[2017.10.14-20.29.42:873][489]LogModuleManager: Shutting down and abandoning module UserFeedback (382)
[2017.10.14-20.29.42:873][489]LogModuleManager: Shutting down and abandoning module XmlParser (380)
[2017.10.14-20.29.42:873][489]LogModuleManager: Shutting down and abandoning module Blutility (378)
[2017.10.14-20.29.42:873][489]LogModuleManager: Shutting down and abandoning module ProjectSettingsViewer (376)
[2017.10.14-20.29.42:873][489]LogModuleManager: Shutting down and abandoning module ProjectTargetPlatformEditor (375)
[2017.10.14-20.29.42:874][489]LogModuleManager: Shutting down and abandoning module EditorSettingsViewer (372)
[2017.10.14-20.29.42:874][489]LogModuleManager: Shutting down and abandoning module SettingsEditor (370)
[2017.10.14-20.29.42:874][489]LogModuleManager: Shutting down and abandoning module ProjectLauncher (368)
[2017.10.14-20.29.42:874][489]LogModuleManager: Shutting down and abandoning module SessionFrontend (366)
[2017.10.14-20.29.42:874][489]LogModuleManager: Shutting down and abandoning module ProfilerClient (364)
[2017.10.14-20.29.42:874][489]LogModuleManager: Shutting down and abandoning module DeviceManager (362)
[2017.10.14-20.29.42:874][489]LogModuleManager: Shutting down and abandoning module TargetDeviceServices (361)
[2017.10.14-20.29.42:918][489]LogModuleManager: Shutting down and abandoning module AutomationController (358)
[2017.10.14-20.29.42:918][489]LogModuleManager: Shutting down and abandoning module AutomationWindow (356)
[2017.10.14-20.29.42:918][489]LogModuleManager: Shutting down and abandoning module Layers (354)
[2017.10.14-20.29.42:918][489]LogModuleManager: Shutting down and abandoning module ComponentVisualizers (352)
[2017.10.14-20.29.42:918][489]LogModuleManager: Shutting down and abandoning module DetailCustomizations (350)
[2017.10.14-20.29.42:918][489]LogModuleManager: Shutting down and abandoning module PackagesDialog (348)
[2017.10.14-20.29.42:918][489]LogModuleManager: Shutting down and abandoning module Persona (346)
[2017.10.14-20.29.42:918][489]LogModuleManager: Shutting down and abandoning module AnimGraph (345)
[2017.10.14-20.29.42:918][489]LogModuleManager: Shutting down and abandoning module Kismet (342)
[2017.10.14-20.29.42:925][489]LogModuleManager: Shutting down and abandoning module GraphEditor (340)
[2017.10.14-20.29.42:925][489]LogModuleManager: Shutting down and abandoning module ClassViewer (338)
[2017.10.14-20.29.42:925][489]LogModuleManager: Shutting down and abandoning module Toolbox (336)
[2017.10.14-20.29.42:925][489]LogModuleManager: Shutting down and abandoning module ModuleUI (334)
[2017.10.14-20.29.42:925][489]LogModuleManager: Shutting down and abandoning module MovieSceneTools (332)
[2017.10.14-20.29.42:925][489]LogModuleManager: Shutting down and abandoning module OutputLog (330)
[2017.10.14-20.29.42:925][489]LogModuleManager: Shutting down and abandoning module GammaUI (328)
[2017.10.14-20.29.42:925][489]LogModuleManager: Shutting down and abandoning module Documentation (326)
[2017.10.14-20.29.42:925][489]LogModuleManager: Shutting down and abandoning module Niagara (324)
[2017.10.14-20.29.42:925][489]LogModuleManager: Shutting down and abandoning module StreamingPauseRendering (322)
[2017.10.14-20.29.42:925][489]LogModuleManager: Shutting down and abandoning module AnalyticsET (320)
[2017.10.14-20.29.42:925][489]LogModuleManager: Shutting down and abandoning module PortalServices (318)
[2017.10.14-20.29.42:925][489]LogModuleManager: Shutting down and abandoning module PortalRpc (316)
[2017.10.14-20.29.42:925][489]LogModuleManager: Shutting down and abandoning module MessagingRpc (314)
[2017.10.14-20.29.42:925][489]LogModuleManager: Shutting down and abandoning module AIModule (312)
[2017.10.14-20.29.42:925][489]LogModuleManager: Shutting down and abandoning module GameplayDebugger (311)
[2017.10.14-20.29.42:925][489]LogModuleManager: Shutting down and abandoning module AITestSuite (309)
[2017.10.14-20.29.42:925][489]LogModuleManager: Shutting down and abandoning module ProfilerService (306)
[2017.10.14-20.29.42:983][489]LogModuleManager: Shutting down and abandoning module TaskGraph (304)
[2017.10.14-20.29.42:983][489]LogModuleManager: Shutting down and abandoning module SteamVRController (302)
[2017.10.14-20.29.42:983][489]LogModuleManager: Shutting down and abandoning module SteamVR (300)
[2017.10.14-20.29.42:983][489]LogModuleManager: Shutting down and abandoning module ProceduralMeshComponentEditor (298)
[2017.10.14-20.29.42:983][489]LogModuleManager: Shutting down and abandoning module ProceduralMeshComponent (296)
[2017.10.14-20.29.42:983][489]LogModuleManager: Shutting down and abandoning module OculusLibrary (294)
[2017.10.14-20.29.42:983][489]LogModuleManager: Shutting down and abandoning module OculusInput (292)
[2017.10.14-20.29.42:983][489]LogModuleManager: Shutting down and abandoning module MobilePatchingUtils (290)
[2017.10.14-20.29.42:983][489]LogModuleManager: Shutting down and abandoning module CustomMeshComponent (288)
[2017.10.14-20.29.42:983][489]LogModuleManager: Shutting down and abandoning module CableComponent (286)
[2017.10.14-20.29.42:983][489]LogModuleManager: Shutting down and abandoning module ArchVisCharacter (284)
[2017.10.14-20.29.42:983][489]LogModuleManager: Shutting down and abandoning module MediaPlayerEditor (280)
[2017.10.14-20.29.42:983][489]LogModuleManager: Shutting down and abandoning module HTML5Networking (278)
[2017.10.14-20.29.42:983][489]LogModuleManager: Shutting down and abandoning module AlembicImporter (276)
[2017.10.14-20.29.42:983][489]LogModuleManager: Shutting down and abandoning module AlembicLibrary (275)
[2017.10.14-20.29.42:983][489]LogModuleManager: Shutting down and abandoning module GeometryCache (274)
[2017.10.14-20.29.42:983][489]LogModuleManager: Shutting down and abandoning module GeometryCacheEd (273)
[2017.10.14-20.29.42:983][489]LogModuleManager: Shutting down and abandoning module SuperSearchEditor (268)
[2017.10.14-20.29.42:983][489]LogModuleManager: Shutting down and abandoning module SuperSearch (267)
[2017.10.14-20.29.42:983][489]LogModuleManager: Shutting down and abandoning module SpeedTreeImporter (264)
[2017.10.14-20.29.42:983][489]LogModuleManager: Shutting down and abandoning module PluginBrowser (262)
[2017.10.14-20.29.42:983][489]LogModuleManager: Shutting down and abandoning module MobileLauncherProfileWizard (260)
[2017.10.14-20.29.42:983][489]LogModuleManager: Shutting down and abandoning module EpicSurvey (258)
[2017.10.14-20.29.42:983][489]LogModuleManager: Shutting down and abandoning module VisualStudioSourceCodeAccess (256)
[2017.10.14-20.29.42:983][489]LogModuleManager: Shutting down and abandoning module DesktopPlatform (255)
[2017.10.14-20.29.42:984][489]LogModuleManager: Shutting down and abandoning module UObjectPlugin (252)
[2017.10.14-20.29.42:984][489]LogModuleManager: Shutting down and abandoning module SubversionSourceControl (250)
[2017.10.14-20.29.42:984][489]LogModuleManager: Shutting down and abandoning module PerforceSourceControl (248)
[2017.10.14-20.29.42:984][489]LogModuleManager: Shutting down and abandoning module GitSourceControl (246)
[2017.10.14-20.29.42:984][489]LogModuleManager: Shutting down and abandoning module SourceControl (245)
[2017.10.14-20.29.42:984][489]LogModuleManager: Shutting down and abandoning module LightPropagationVolumeEditor (242)
[2017.10.14-20.29.42:984][489]LogModuleManager: Shutting down and abandoning module PaperTiledImporter (240)
[2017.10.14-20.29.42:984][489]LogModuleManager: Shutting down and abandoning module PaperSpriteSheetImporter (238)
[2017.10.14-20.29.42:984][489]LogModuleManager: Shutting down and abandoning module Paper2DEditor (236)
[2017.10.14-20.29.42:984][489]LogModuleManager: Shutting down and abandoning module MeshPaint (235)
[2017.10.14-20.29.42:984][489]LogModuleManager: Shutting down and abandoning module LevelEditor (233)
[2017.10.14-20.29.42:984][489]LogModuleManager: Shutting down and abandoning module PixelInspectorModule (232)
[2017.10.14-20.29.42:984][489]LogModuleManager: Shutting down and abandoning module MainFrame (230)
[2017.10.14-20.29.42:984][489]LogModuleManager: Shutting down and abandoning module HotReload (229)
[2017.10.14-20.29.42:985][489]LogModuleManager: Shutting down and abandoning module ContentBrowser (225)
[2017.10.14-20.29.42:986][489]LogModuleManager: Shutting down and abandoning module PhysXVehiclesEditor (222)
[2017.10.14-20.29.42:986][489]LogModuleManager: Shutting down and abandoning module PhysXVehicles (220)
[2017.10.14-20.29.42:986][489]LogModuleManager: Shutting down and abandoning module LocationServicesBPLibrary (218)
[2017.10.14-20.29.42:986][489]LogModuleManager: Shutting down and abandoning module UdpMessaging (216)
[2017.10.14-20.29.43:087][489]LogModuleManager: Shutting down and abandoning module TcpMessaging (214)
[2017.10.14-20.29.43:188][489]LogModuleManager: Shutting down and abandoning module GameplayTagsEditor (212)
[2017.10.14-20.29.43:188][489]LogModuleManager: Shutting down and abandoning module FacialAnimationEditor (210)
[2017.10.14-20.29.43:188][489]LogModuleManager: Shutting down and abandoning module FacialAnimation (208)
[2017.10.14-20.29.43:188][489]LogModuleManager: Shutting down and abandoning module LightPropagationVolumeRuntime (206)
[2017.10.14-20.29.43:188][489]LogModuleManager: Shutting down and abandoning module Paper2D (204)
[2017.10.14-20.29.43:188][489]LogModuleManager: Shutting down and abandoning module WindowsMoviePlayer (202)
[2017.10.14-20.29.43:188][489]LogModuleManager: Shutting down and abandoning module WmfMedia (200)
[2017.10.14-20.29.43:189][489]LogModuleManager: Shutting down and abandoning module MfMedia (198)
[2017.10.14-20.29.43:189][489]LogModuleManager: Shutting down and abandoning module MediaAssets (196)
[2017.10.14-20.29.43:189][489]LogModuleManager: Shutting down and abandoning module GameLiveStreaming (194)
[2017.10.14-20.29.43:189][489]LogModuleManager: Shutting down and abandoning module VREditor (192)
[2017.10.14-20.29.43:189][489]LogModuleManager: Shutting down and abandoning module GameplayTasksEditor (190)
[2017.10.14-20.29.43:189][489]LogModuleManager: Shutting down and abandoning module BehaviorTreeEditor (188)
[2017.10.14-20.29.43:189][489]LogModuleManager: Shutting down and abandoning module FunctionalTesting (186)
[2017.10.14-20.29.43:189][489]LogModuleManager: Shutting down and abandoning module CollisionAnalyzer (184)
[2017.10.14-20.29.43:189][489]LogModuleManager: Shutting down and abandoning module UMG (182)
[2017.10.14-20.29.43:189][489]LogModuleManager: Shutting down and abandoning module UMGEditor (181)
[2017.10.14-20.29.43:189][489]LogModuleManager: Shutting down and abandoning module Sequencer (180)
[2017.10.14-20.29.43:189][489]LogModuleManager: Shutting down and abandoning module AssetTools (178)
[2017.10.14-20.29.43:189][489]LogModuleManager: Shutting down and abandoning module MessageLog (177)
[2017.10.14-20.29.43:189][489]LogModuleManager: Shutting down and abandoning module WorkspaceMenuStructure (176)
[2017.10.14-20.29.43:189][489]LogModuleManager: Shutting down and abandoning module SlateReflector (170)
[2017.10.14-20.29.43:189][489]LogModuleManager: Shutting down and abandoning module Slate (168)
[2017.10.14-20.29.43:189][489]LogModuleManager: Shutting down and abandoning module EditorStyle (166)
[2017.10.14-20.29.43:193][489]LogModuleManager: Shutting down and abandoning module SourceCodeAccess (164)
[2017.10.14-20.29.43:193][489]LogModuleManager: Shutting down and abandoning module HeadMountedDisplay (162)
[2017.10.14-20.29.43:193][489]LogModuleManager: Shutting down and abandoning module XAudio2 (160)
[2017.10.14-20.29.43:193][489]LogModuleManager: Shutting down and abandoning module Networking (158)
[2017.10.14-20.29.43:193][489]LogModuleManager: Shutting down and abandoning module Core (154)
[2017.10.14-20.29.43:193][489]LogModuleManager: Shutting down and abandoning module AssetRegistry (152)
[2017.10.14-20.29.43:310][489]LogDirectoryWatcher: A directory notification for '../../../Engine/Content/' was aborted.
[2017.10.14-20.29.43:310][489]LogDirectoryWatcher: A directory notification for 'C:/Users/Lui/Desktop/Wildlands_Repo/Wildlands/FuckYea/Content/' was aborted.
[2017.10.14-20.29.43:311][489]LogDirectoryWatcher: A directory notification for '../../../Engine/Plugins/2D/Paper2D/Content/' was aborted.
[2017.10.14-20.29.43:311][489]LogModuleManager: Shutting down and abandoning module DirectoryWatcher (151)
[2017.10.14-20.29.43:311][489]LogModuleManager: Shutting down and abandoning module KismetCompiler (148)
[2017.10.14-20.29.43:311][489]LogModuleManager: Shutting down and abandoning module PhysXFormats (146)
[2017.10.14-20.29.43:311][489]LogModuleManager: Shutting down and abandoning module MeshUtilities (144)
[2017.10.14-20.29.43:311][489]LogModuleManager: Shutting down and abandoning module SimplygonSwarm (143)
[2017.10.14-20.29.43:311][489]LogModuleManager: Shutting down and abandoning module SimplygonMeshReduction (141)
[2017.10.14-20.29.43:311][489]LogModuleManager: Shutting down and abandoning module QuadricMeshReduction (139)
[2017.10.14-20.29.43:311][489]LogModuleManager: Shutting down and abandoning module PropertyEditor (137)
[2017.10.14-20.29.43:311][489]LogModuleManager: Shutting down and abandoning module DerivedDataCache (134)
[2017.10.14-20.29.43:312][489]LogDerivedDataCache: Shutdown
[2017.10.14-20.29.43:312][489]LogModuleManager: Shutting down and abandoning module TargetPlatform (132)
[2017.10.14-20.29.43:312][489]LogModuleManager: Shutting down and abandoning module VulkanShaderFormat (131)
[2017.10.14-20.29.43:312][489]LogModuleManager: Shutting down and abandoning module ShaderFormatOpenGL (129)
[2017.10.14-20.29.43:312][489]LogModuleManager: Shutting down and abandoning module ShaderFormatD3D (127)
[2017.10.14-20.29.43:312][489]LogModuleManager: Shutting down and abandoning module MetalShaderFormat (125)
[2017.10.14-20.29.43:312][489]LogModuleManager: Shutting down and abandoning module TextureFormatUncompressed (123)
[2017.10.14-20.29.43:312][489]LogModuleManager: Shutting down and abandoning module TextureFormatPVR (121)
[2017.10.14-20.29.43:312][489]LogModuleManager: Shutting down and abandoning module TextureFormatDXT (119)
[2017.10.14-20.29.43:312][489]LogModuleManager: Shutting down and abandoning module TextureFormatIntelISPCTexComp (117)
[2017.10.14-20.29.43:312][489]LogModuleManager: Shutting down and abandoning module TextureFormatASTC (115)
[2017.10.14-20.29.43:312][489]LogModuleManager: Shutting down and abandoning module ImageWrapper (114)
[2017.10.14-20.29.43:312][489]LogModuleManager: Shutting down and abandoning module TextureFormatAndroid (111)
[2017.10.14-20.29.43:312][489]LogModuleManager: Shutting down and abandoning module AudioFormatOpus (109)
[2017.10.14-20.29.43:312][489]LogModuleManager: Shutting down and abandoning module AudioFormatOgg (107)
[2017.10.14-20.29.43:312][489]LogModuleManager: Shutting down and abandoning module AudioFormatADPCM (105)
[2017.10.14-20.29.43:312][489]LogModuleManager: Shutting down and abandoning module LinuxTargetPlatform (103)
[2017.10.14-20.29.43:312][489]LogModuleManager: Shutting down and abandoning module LinuxServerTargetPlatform (101)
[2017.10.14-20.29.43:312][489]LogModuleManager: Shutting down and abandoning module LinuxNoEditorTargetPlatform (99)
[2017.10.14-20.29.43:312][489]LogModuleManager: Shutting down and abandoning module LinuxClientTargetPlatform (97)
[2017.10.14-20.29.43:312][489]LogModuleManager: Shutting down and abandoning module TVOSTargetPlatform (95)
[2017.10.14-20.29.43:312][489]LogModuleManager: Shutting down and abandoning module Messaging (93)
[2017.10.14-20.29.43:312][489]LogModuleManager: Shutting down and abandoning module IOSTargetPlatform (91)
[2017.10.14-20.29.43:312][489]LogModuleManager: Shutting down and abandoning module HTML5TargetPlatform (89)
[2017.10.14-20.29.43:312][489]LogModuleManager: Shutting down and abandoning module Android_PVRTCTargetPlatform (87)
[2017.10.14-20.29.43:312][489]LogModuleManager: Shutting down and abandoning module Android_MultiTargetPlatform (85)
[2017.10.14-20.29.43:312][489]LogModuleManager: Shutting down and abandoning module Android_ETC2TargetPlatform (83)
[2017.10.14-20.29.43:312][489]LogModuleManager: Shutting down and abandoning module Android_ETC1TargetPlatform (81)
[2017.10.14-20.29.43:312][489]LogModuleManager: Shutting down and abandoning module Android_DXTTargetPlatform (79)
[2017.10.14-20.29.43:312][489]LogModuleManager: Shutting down and abandoning module Android_ATCTargetPlatform (77)
[2017.10.14-20.29.43:312][489]LogModuleManager: Shutting down and abandoning module Android_ASTCTargetPlatform (75)
[2017.10.14-20.29.43:312][489]LogModuleManager: Shutting down and abandoning module AndroidTargetPlatform (73)
[2017.10.14-20.29.43:312][489]LogModuleManager: Shutting down and abandoning module WindowsTargetPlatform (71)
[2017.10.14-20.29.43:313][489]LogModuleManager: Shutting down and abandoning module WindowsServerTargetPlatform (69)
[2017.10.14-20.29.43:313][489]LogModuleManager: Shutting down and abandoning module WindowsNoEditorTargetPlatform (67)
[2017.10.14-20.29.43:313][489]LogModuleManager: Shutting down and abandoning module WindowsClientTargetPlatform (65)
[2017.10.14-20.29.43:313][489]LogModuleManager: Shutting down and abandoning module MacTargetPlatform (63)
[2017.10.14-20.29.43:313][489]LogModuleManager: Shutting down and abandoning module MacServerTargetPlatform (61)
[2017.10.14-20.29.43:313][489]LogModuleManager: Shutting down and abandoning module MacNoEditorTargetPlatform (59)
[2017.10.14-20.29.43:313][489]LogModuleManager: Shutting down and abandoning module MacClientTargetPlatform (57)
[2017.10.14-20.29.43:313][489]LogModuleManager: Shutting down and abandoning module AllDesktopTargetPlatform (55)
[2017.10.14-20.29.43:313][489]LogModuleManager: Shutting down and abandoning module InputCore (52)
[2017.10.14-20.29.43:313][489]LogModuleManager: Shutting down and abandoning module Settings (50)
[2017.10.14-20.29.43:313][489]LogModuleManager: Shutting down and abandoning module OculusRift (48)
[2017.10.14-20.29.43:313][489]LogModuleManager: Shutting down and abandoning module GearVR (46)
[2017.10.14-20.29.43:313][489]LogModuleManager: Shutting down and abandoning module ExampleDeviceProfileSelector (44)
[2017.10.14-20.29.43:313][489]LogModuleManager: Shutting down and abandoning module OnlineBlueprintSupport (42)
[2017.10.14-20.29.43:313][489]LogModuleManager: Shutting down and abandoning module OnlineSubsystem (38)
[2017.10.14-20.29.43:313][489]LogOnline:Display: Unloading online subsystem: NULL
[2017.10.14-20.29.43:313][489]LogModuleManager: Shutting down and abandoning module XMPP (37)
[2017.10.14-20.29.43:313][489]LogModuleManager: Shutting down and abandoning module HTTP (35)
[2017.10.14-20.29.43:313][489]LogHttp:Display: Http module shutting down, but needs to wait on 1 outstanding Http requests:
[2017.10.14-20.29.43:313][489]LogHttp:Display: 	verb=[POST] url=[https://datarouter.ol.epicgames.com/datarouter/api/v1/public/data?SessionID=%7B17A8EDA6-4A23-DEDA-603F-778F0B546786%7D&AppID=UEEditor.Rocket.Release&AppVersion=4.15.2-3416026%2B%2B%2BUE4%2BRelease-4.15&UserID=db55b6ed4b2414568a1b9798da1445ea%7Cde4e6599bd2b4462ba0031880be9448a%7C4f60bb39-50ac-41e1-8971-a9e443392c32&AppEnvironment=datacollector-binary&UploadType=eteventstream] status=Processing
[2017.10.14-20.29.43:341][489]LogModuleManager: Shutting down and abandoning module SSL (34)
[2017.10.14-20.29.43:342][489]LogModuleManager: Shutting down and abandoning module AudioEditor (30)
[2017.10.14-20.29.43:342][489]LogModuleManager: Shutting down and abandoning module TextureCompressor (28)
[2017.10.14-20.29.43:342][489]LogModuleManager: Shutting down and abandoning module ShaderCore (26)
[2017.10.14-20.29.43:342][489]LogModuleManager: Shutting down and abandoning module Landscape (24)
[2017.10.14-20.29.43:342][489]LogModuleManager: Shutting down and abandoning module SlateRHIRenderer (22)
[2017.10.14-20.29.43:343][489]LogModuleManager: Shutting down and abandoning module OpenGLDrv (20)
[2017.10.14-20.29.43:343][489]LogModuleManager: Shutting down and abandoning module D3D11RHI (18)
[2017.10.14-20.29.43:343][489]LogModuleManager: Shutting down and abandoning module AnimGraphRuntime (16)
[2017.10.14-20.29.43:343][489]LogModuleManager: Shutting down and abandoning module Renderer (14)
[2017.10.14-20.29.43:343][489]LogModuleManager: Shutting down and abandoning module Engine (12)
[2017.10.14-20.29.43:343][489]LogModuleManager: Shutting down and abandoning module CoreUObject (10)
[2017.10.14-20.29.43:343][489]LogModuleManager: Shutting down and abandoning module NetworkFile (8)
[2017.10.14-20.29.43:343][489]LogModuleManager: Shutting down and abandoning module StreamingFile (6)
[2017.10.14-20.29.43:343][489]LogModuleManager: Shutting down and abandoning module SandboxFile (4)
[2017.10.14-20.29.43:343][489]LogModuleManager: Shutting down and abandoning module PakFile (2)
[2017.10.14-20.29.43:345][489]LogExit: Exiting.
[2017.10.14-20.29.43:347][489]Log file closed, 10/14/17 13:29:43
